#
# There is insufficient memory for the Java Runtime Environment to continue.
# Native memory allocation (malloc) failed to allocate 32744 bytes for ChunkPool::allocate
# Possible reasons:
#   The system is out of physical RAM or swap space
#   In 32 bit mode, the process size limit was hit
# Possible solutions:
#   Reduce memory load on the system
#   Increase physical memory or swap space
#   Check if swap backing store is full
#   Use 64 bit Java on a 64 bit OS
#   Decrease Java heap size (-Xmx/-Xms)
#   Decrease number of Java threads
#   Decrease Java thread stack sizes (-Xss)
#   Set larger code cache with -XX:ReservedCodeCacheSize=
# This output file may be truncated or incomplete.
#
#  Out of Memory Error (allocation.cpp:273), pid=1672, tid=0x00000000000019f0
#
# JRE version: OpenJDK Runtime Environment (8.0_152-b06) (build 1.8.0_152-release-1136-b06)
# Java VM: OpenJDK 64-Bit Server VM (25.152-b06 mixed mode windows-amd64 compressed oops)
# Failed to write core dump. Minidumps are not enabled by default on client versions of Windows
#

---------------  T H R E A D  ---------------

Current thread (0x0000000015fbc800):  JavaThread "C2 CompilerThread0" daemon [_thread_in_native, id=6640, stack(0x0000000017920000,0x0000000017a20000)]

Stack: [0x0000000017920000,0x0000000017a20000]
[error occurred during error reporting (printing stack bounds), id 0xc0000005]

Native frames: (J=compiled Java code, j=interpreted, Vv=VM code, C=native code)


Current CompileTask:
C2:   8832 4628   !   4       com.sun.beans.TypeResolver::resolve (274 bytes)


---------------  P R O C E S S  ---------------

Java Threads: ( => current thread )
  0x0000000019341000 JavaThread "Memory manager" [_thread_blocked, id=7796, stack(0x00000000214a0000,0x00000000215a0000)]
  0x000000001933f800 JavaThread "pool-1-thread-1" [_thread_blocked, id=4428, stack(0x00000000211a0000,0x00000000212a0000)]
  0x000000001933f000 JavaThread "Build operations Thread 4" [_thread_blocked, id=9272, stack(0x0000000020ca0000,0x0000000020da0000)]
  0x000000001933e000 JavaThread "Build operations Thread 3" [_thread_blocked, id=7732, stack(0x0000000020ba0000,0x0000000020ca0000)]
  0x0000000019343800 JavaThread "Build operations Thread 2" [_thread_blocked, id=9904, stack(0x0000000020aa0000,0x0000000020ba0000)]
  0x0000000019342000 JavaThread "Build operations" [_thread_blocked, id=816, stack(0x00000000209a0000,0x0000000020aa0000)]
  0x0000000019342800 JavaThread "Cache worker for Artifact transforms cache (C:\Users\16265\.gradle\caches\transforms-1)" [_thread_blocked, id=2148, stack(0x00000000206a0000,0x00000000207a0000)]
  0x0000000019041000 JavaThread "Cache worker for file hash cache (D:\game\MyGame1\.gradle\4.6\fileHashes)" [_thread_blocked, id=3644, stack(0x000000001b640000,0x000000001b740000)]
  0x0000000019080800 JavaThread "File lock request listener" [_thread_in_native, id=7376, stack(0x000000001a570000,0x000000001a670000)]
  0x00000000193b7000 JavaThread "Cache worker for file hash cache (C:\Users\16265\.gradle\caches\4.6\fileHashes)" [_thread_blocked, id=6480, stack(0x000000001a470000,0x000000001a570000)]
  0x0000000018dc9000 JavaThread "Stdin handler" [_thread_blocked, id=6708, stack(0x000000001a170000,0x000000001a270000)]
  0x0000000018dbc800 JavaThread "Asynchronous log dispatcher for DefaultDaemonConnection: socket connection from /127.0.0.1:5913 to /127.0.0.1:5914" [_thread_blocked, id=9860, stack(0x000000001a070000,0x000000001a170000)]
  0x0000000018db7800 JavaThread "Daemon worker" [_thread_in_native, id=844, stack(0x0000000019f70000,0x000000001a070000)]
  0x0000000018db7000 JavaThread "Cancel handler" [_thread_blocked, id=6736, stack(0x0000000019e70000,0x0000000019f70000)]
  0x0000000019120800 JavaThread "Handler for socket connection from /127.0.0.1:5913 to /127.0.0.1:5914" [_thread_in_native, id=3520, stack(0x0000000019b70000,0x0000000019c70000)]
  0x000000001911f800 JavaThread "Daemon" [_thread_blocked, id=5432, stack(0x0000000019a70000,0x0000000019b70000)]
  0x0000000019024800 JavaThread "Daemon periodic checks" [_thread_blocked, id=1076, stack(0x0000000019970000,0x0000000019a70000)]
  0x0000000019105800 JavaThread "Incoming local TCP Connector on port 5913" [_thread_in_native, id=840, stack(0x0000000019810000,0x0000000019910000)]
  0x00000000173a4000 JavaThread "Service Thread" daemon [_thread_blocked, id=3120, stack(0x0000000017c20000,0x0000000017d20000)]
  0x0000000017331800 JavaThread "C1 CompilerThread2" daemon [_thread_blocked, id=4952, stack(0x0000000017b20000,0x0000000017c20000)]
  0x000000001732a000 JavaThread "C2 CompilerThread1" daemon [_thread_in_native, id=7788, stack(0x0000000017a20000,0x0000000017b20000)]
=>0x0000000015fbc800 JavaThread "C2 CompilerThread0" daemon [_thread_in_native, id=6640, stack(0x0000000017920000,0x0000000017a20000)]
  0x0000000015f6e000 JavaThread "Attach Listener" daemon [_thread_blocked, id=220, stack(0x0000000017820000,0x0000000017920000)]
  0x0000000017328800 JavaThread "Signal Dispatcher" daemon [_thread_blocked, id=6824, stack(0x0000000017720000,0x0000000017820000)]
  0x0000000015f48800 JavaThread "Finalizer" daemon [_thread_blocked, id=2020, stack(0x00000000171c0000,0x00000000172c0000)]
  0x00000000025e2800 JavaThread "Reference Handler" daemon [_thread_blocked, id=8184, stack(0x00000000170c0000,0x00000000171c0000)]
  0x00000000024ee000 JavaThread "main" [_thread_blocked, id=5336, stack(0x00000000023b0000,0x00000000024b0000)]

Other Threads:
  0x0000000015f25800 VMThread [stack: 0x0000000016fc0000,0x00000000170c0000] [id=8504]
  0x00000000173a5000 WatcherThread [stack: 0x0000000017d20000,0x0000000017e20000] [id=1956]

VM state:not at safepoint (normal execution)

VM Mutex/Monitor currently owned by a thread: None

Heap:
 PSYoungGen      total 108544K, used 74783K [0x00000000e0000000, 0x00000000e7e80000, 0x0000000100000000)
  eden space 99840K, 66% used [0x00000000e0000000,0x00000000e40e2b68,0x00000000e6180000)
  from space 8704K, 95% used [0x00000000e7600000,0x00000000e7e25170,0x00000000e7e80000)
  to   space 11776K, 0% used [0x00000000e6780000,0x00000000e6780000,0x00000000e7300000)
 ParOldGen       total 97280K, used 17525K [0x00000000a0000000, 0x00000000a5f00000, 0x00000000e0000000)
  object space 97280K, 18% used [0x00000000a0000000,0x00000000a111d548,0x00000000a5f00000)
 Metaspace       used 46567K, capacity 47664K, committed 48088K, reserved 1091584K
  class space    used 6221K, capacity 6570K, committed 6656K, reserved 1048576K

Card table byte_map: [0x00000000119b0000,0x0000000011cc0000] byte_map_base: 0x00000000114b0000

Marking Bits: (ParMarkBitMap*) 0x000000006b995aa0
 Begin Bits: [0x00000000122c0000, 0x0000000013ac0000)
 End Bits:   [0x0000000013ac0000, 0x00000000152c0000)

Polling page: 0x00000000001f0000

CodeCache: size=245760Kb used=14887Kb max_used=14887Kb free=230872Kb
 bounds [0x00000000025f0000, 0x0000000003490000, 0x00000000115f0000]
 total_blobs=5039 nmethods=4295 adapters=657
 compilation: enabled

Compilation events (10 events):
Event: 8.824 Thread 0x0000000017331800 4687       3       sun.nio.fs.WindowsFileAttributeViews$Basic::readAttributes (5 bytes)
Event: 8.825 Thread 0x0000000017331800 nmethod 4687 0x000000000347f250 code [0x000000000347f400, 0x000000000347f9e8]
Event: 8.825 Thread 0x0000000017331800 4688   !   3       sun.nio.fs.WindowsFileAttributeViews$Basic::readAttributes (30 bytes)
Event: 8.825 Thread 0x0000000017331800 nmethod 4688 0x000000000347fc90 code [0x000000000347fe40, 0x00000000034803a8]
Event: 8.825 Thread 0x0000000017331800 4689   !   3       sun.nio.fs.WindowsFileAttributes::get (236 bytes)
Event: 8.827 Thread 0x0000000017331800 nmethod 4689 0x0000000003480950 code [0x0000000003480dc0, 0x0000000003482c78]
Event: 8.827 Thread 0x0000000017331800 4692       3       java.nio.file.Files$2::next (5 bytes)
Event: 8.828 Thread 0x0000000017331800 nmethod 4692 0x00000000034847d0 code [0x0000000003484980, 0x0000000003484f28]
Event: 8.828 Thread 0x0000000017331800 4690   !   3       sun.nio.fs.WindowsNativeDispatcher::GetFileAttributesEx (30 bytes)
Event: 8.828 Thread 0x0000000017331800 nmethod 4690 0x0000000003485150 code [0x0000000003485300, 0x0000000003485678]

GC Heap History (10 events):
Event: 4.840 GC heap before
{Heap before GC invocations=8 (full 1):
 PSYoungGen      total 56832K, used 56483K [0x00000000e0000000, 0x00000000e4f80000, 0x0000000100000000)
  eden space 51712K, 100% used [0x00000000e0000000,0x00000000e3280000,0x00000000e3280000)
  from space 5120K, 93% used [0x00000000e4a80000,0x00000000e4f28f48,0x00000000e4f80000)
  to   space 10752K, 0% used [0x00000000e3a80000,0x00000000e3a80000,0x00000000e4500000)
 ParOldGen       total 62464K, used 9332K [0x00000000a0000000, 0x00000000a3d00000, 0x00000000e0000000)
  object space 62464K, 14% used [0x00000000a0000000,0x00000000a091d150,0x00000000a3d00000)
 Metaspace       used 29159K, capacity 29726K, committed 30080K, reserved 1075200K
  class space    used 3963K, capacity 4163K, committed 4224K, reserved 1048576K
Event: 4.847 GC heap after
Heap after GC invocations=8 (full 1):
 PSYoungGen      total 70656K, used 7318K [0x00000000e0000000, 0x00000000e6400000, 0x0000000100000000)
  eden space 59904K, 0% used [0x00000000e0000000,0x00000000e0000000,0x00000000e3a80000)
  from space 10752K, 68% used [0x00000000e3a80000,0x00000000e41a5a50,0x00000000e4500000)
  to   space 10752K, 0% used [0x00000000e5980000,0x00000000e5980000,0x00000000e6400000)
 ParOldGen       total 62464K, used 9340K [0x00000000a0000000, 0x00000000a3d00000, 0x00000000e0000000)
  object space 62464K, 14% used [0x00000000a0000000,0x00000000a091f150,0x00000000a3d00000)
 Metaspace       used 29159K, capacity 29726K, committed 30080K, reserved 1075200K
  class space    used 3963K, capacity 4163K, committed 4224K, reserved 1048576K
}
Event: 5.596 GC heap before
{Heap before GC invocations=9 (full 1):
 PSYoungGen      total 70656K, used 67222K [0x00000000e0000000, 0x00000000e6400000, 0x0000000100000000)
  eden space 59904K, 100% used [0x00000000e0000000,0x00000000e3a80000,0x00000000e3a80000)
  from space 10752K, 68% used [0x00000000e3a80000,0x00000000e41a5a50,0x00000000e4500000)
  to   space 10752K, 0% used [0x00000000e5980000,0x00000000e5980000,0x00000000e6400000)
 ParOldGen       total 62464K, used 9340K [0x00000000a0000000, 0x00000000a3d00000, 0x00000000e0000000)
  object space 62464K, 14% used [0x00000000a0000000,0x00000000a091f150,0x00000000a3d00000)
 Metaspace       used 32848K, capacity 33574K, committed 33664K, reserved 1079296K
  class space    used 4482K, capacity 4721K, committed 4736K, reserved 1048576K
Event: 5.608 GC heap after
Heap after GC invocations=9 (full 1):
 PSYoungGen      total 90624K, used 10483K [0x00000000e0000000, 0x00000000e7300000, 0x0000000100000000)
  eden space 79872K, 0% used [0x00000000e0000000,0x00000000e0000000,0x00000000e4e00000)
  from space 10752K, 97% used [0x00000000e5980000,0x00000000e63bcdd8,0x00000000e6400000)
  to   space 11776K, 0% used [0x00000000e4e00000,0x00000000e4e00000,0x00000000e5980000)
 ParOldGen       total 62464K, used 9348K [0x00000000a0000000, 0x00000000a3d00000, 0x00000000e0000000)
  object space 62464K, 14% used [0x00000000a0000000,0x00000000a0921150,0x00000000a3d00000)
 Metaspace       used 32848K, capacity 33574K, committed 33664K, reserved 1079296K
  class space    used 4482K, capacity 4721K, committed 4736K, reserved 1048576K
}
Event: 6.440 GC heap before
{Heap before GC invocations=10 (full 1):
 PSYoungGen      total 90624K, used 45163K [0x00000000e0000000, 0x00000000e7300000, 0x0000000100000000)
  eden space 79872K, 43% used [0x00000000e0000000,0x00000000e21de188,0x00000000e4e00000)
  from space 10752K, 97% used [0x00000000e5980000,0x00000000e63bcdd8,0x00000000e6400000)
  to   space 11776K, 0% used [0x00000000e4e00000,0x00000000e4e00000,0x00000000e5980000)
 ParOldGen       total 62464K, used 9348K [0x00000000a0000000, 0x00000000a3d00000, 0x00000000e0000000)
  object space 62464K, 14% used [0x00000000a0000000,0x00000000a0921150,0x00000000a3d00000)
 Metaspace       used 34530K, capacity 35354K, committed 35416K, reserved 1079296K
  class space    used 4734K, capacity 4992K, committed 4992K, reserved 1048576K
Event: 6.459 GC heap after
Heap after GC invocations=10 (full 1):
 PSYoungGen      total 91648K, used 8501K [0x00000000e0000000, 0x00000000e8180000, 0x0000000100000000)
  eden space 79872K, 0% used [0x00000000e0000000,0x00000000e0000000,0x00000000e4e00000)
  from space 11776K, 72% used [0x00000000e4e00000,0x00000000e564d500,0x00000000e5980000)
  to   space 11776K, 0% used [0x00000000e7600000,0x00000000e7600000,0x00000000e8180000)
 ParOldGen       total 62464K, used 11972K [0x00000000a0000000, 0x00000000a3d00000, 0x00000000e0000000)
  object space 62464K, 19% used [0x00000000a0000000,0x00000000a0bb1190,0x00000000a3d00000)
 Metaspace       used 34530K, capacity 35354K, committed 35416K, reserved 1079296K
  class space    used 4734K, capacity 4992K, committed 4992K, reserved 1048576K
}
Event: 6.459 GC heap before
{Heap before GC invocations=11 (full 2):
 PSYoungGen      total 91648K, used 8501K [0x00000000e0000000, 0x00000000e8180000, 0x0000000100000000)
  eden space 79872K, 0% used [0x00000000e0000000,0x00000000e0000000,0x00000000e4e00000)
  from space 11776K, 72% used [0x00000000e4e00000,0x00000000e564d500,0x00000000e5980000)
  to   space 11776K, 0% used [0x00000000e7600000,0x00000000e7600000,0x00000000e8180000)
 ParOldGen       total 62464K, used 11972K [0x00000000a0000000, 0x00000000a3d00000, 0x00000000e0000000)
  object space 62464K, 19% used [0x00000000a0000000,0x00000000a0bb1190,0x00000000a3d00000)
 Metaspace       used 34530K, capacity 35354K, committed 35416K, reserved 1079296K
  class space    used 4734K, capacity 4992K, committed 4992K, reserved 1048576K
Event: 6.557 GC heap after
Heap after GC invocations=11 (full 2):
 PSYoungGen      total 91648K, used 0K [0x00000000e0000000, 0x00000000e8180000, 0x0000000100000000)
  eden space 79872K, 0% used [0x00000000e0000000,0x00000000e0000000,0x00000000e4e00000)
  from space 11776K, 0% used [0x00000000e4e00000,0x00000000e4e00000,0x00000000e5980000)
  to   space 11776K, 0% used [0x00000000e7600000,0x00000000e7600000,0x00000000e8180000)
 ParOldGen       total 97280K, used 17517K [0x00000000a0000000, 0x00000000a5f00000, 0x00000000e0000000)
  object space 97280K, 18% used [0x00000000a0000000,0x00000000a111b548,0x00000000a5f00000)
 Metaspace       used 34479K, capacity 35222K, committed 35416K, reserved 1079296K
  class space    used 4720K, capacity 4948K, committed 4992K, reserved 1048576K
}
Event: 7.616 GC heap before
{Heap before GC invocations=12 (full 2):
 PSYoungGen      total 91648K, used 79872K [0x00000000e0000000, 0x00000000e8180000, 0x0000000100000000)
  eden space 79872K, 100% used [0x00000000e0000000,0x00000000e4e00000,0x00000000e4e00000)
  from space 11776K, 0% used [0x00000000e4e00000,0x00000000e4e00000,0x00000000e5980000)
  to   space 11776K, 0% used [0x00000000e7600000,0x00000000e7600000,0x00000000e8180000)
 ParOldGen       total 97280K, used 17517K [0x00000000a0000000, 0x00000000a5f00000, 0x00000000e0000000)
  object space 97280K, 18% used [0x00000000a0000000,0x00000000a111b548,0x00000000a5f00000)
 Metaspace       used 42543K, capacity 43418K, committed 43608K, reserved 1087488K
  class space    used 5717K, capacity 6000K, committed 6016K, reserved 1048576K
Event: 7.628 GC heap after
Heap after GC invocations=12 (full 2):
 PSYoungGen      total 108544K, used 8340K [0x00000000e0000000, 0x00000000e7e80000, 0x0000000100000000)
  eden space 99840K, 0% used [0x00000000e0000000,0x00000000e0000000,0x00000000e6180000)
  from space 8704K, 95% used [0x00000000e7600000,0x00000000e7e25170,0x00000000e7e80000)
  to   space 11776K, 0% used [0x00000000e6780000,0x00000000e6780000,0x00000000e7300000)
 ParOldGen       total 97280K, used 17525K [0x00000000a0000000, 0x00000000a5f00000, 0x00000000e0000000)
  object space 97280K, 18% used [0x00000000a0000000,0x00000000a111d548,0x00000000a5f00000)
 Metaspace       used 42543K, capacity 43418K, committed 43608K, reserved 1087488K
  class space    used 5717K, capacity 6000K, committed 6016K, reserved 1048576K
}

Deoptimization events (10 events):
Event: 7.270 Thread 0x0000000018db7800 Uncommon trap: reason=unstable_if action=reinterpret pc=0x00000000031d4d4c method=java.lang.reflect.Modifier.toString(I)Ljava/lang/String; @ 123
Event: 7.514 Thread 0x0000000018db7800 Uncommon trap: reason=unstable_if action=reinterpret pc=0x00000000027e4f10 method=java.lang.ThreadLocal.get()Ljava/lang/Object; @ 11
Event: 7.536 Thread 0x0000000018db7800 Uncommon trap: reason=unstable_if action=reinterpret pc=0x000000000327b3e4 method=java.util.HashMap.putVal(ILjava/lang/Object;Ljava/lang/Object;ZZ)Ljava/lang/Object; @ 236
Event: 7.557 Thread 0x0000000018db7800 Uncommon trap: reason=unstable_if action=reinterpret pc=0x0000000002a859bc method=java.lang.CharacterDataLatin1.isWhitespace(I)Z @ 14
Event: 7.611 Thread 0x0000000018db7800 Uncommon trap: reason=unstable_if action=reinterpret pc=0x00000000027c85a4 method=java.util.jar.JarFile.getInputStream(Ljava/util/zip/ZipEntry;)Ljava/io/InputStream; @ 37
Event: 7.613 Thread 0x0000000018db7800 Uncommon trap: reason=unstable_if action=reinterpret pc=0x0000000002bff344 method=java.util.jar.JarFile$JarFileEntry.getCodeSigners()[Ljava/security/CodeSigner; @ 24
Event: 7.614 Thread 0x0000000018db7800 Uncommon trap: reason=unstable_if action=reinterpret pc=0x0000000002bef32c method=java.security.CodeSource.getCertificates()[Ljava/security/cert/Certificate; @ 22
Event: 7.647 Thread 0x0000000018db7800 Uncommon trap: reason=unstable_if action=reinterpret pc=0x0000000002a22ab8 method=java.util.LinkedHashMap.get(Ljava/lang/Object;)Ljava/lang/Object; @ 20
Event: 7.750 Thread 0x0000000018db7800 Uncommon trap: reason=unstable_if action=reinterpret pc=0x00000000030f4e14 method=org.objectweb.asm.ByteVector.putUTF8(Ljava/lang/String;)Lorg/objectweb/asm/ByteVector; @ 91
Event: 7.838 Thread 0x0000000018db7800 Uncommon trap: reason=unstable_if action=reinterpret pc=0x0000000002e2f0b0 method=org.objectweb.asm.ByteVector.putUTF8(Ljava/lang/String;)Lorg/objectweb/asm/ByteVector; @ 91

Classes redefined (0 events):
No events

Internal exceptions (10 events):
Event: 8.823 Thread 0x0000000018db7800 Exception <a 'sun/nio/fs/WindowsException'> (0x00000000e40019f0) thrown at [D:\src\AOSP-openjdk-cygwin\jdk8u\hotspot\src\share\vm\prims\jni.cpp, line 709]
Event: 8.823 Thread 0x0000000018db7800 Exception <a 'sun/nio/fs/WindowsException'> (0x00000000e40025a8) thrown at [D:\src\AOSP-openjdk-cygwin\jdk8u\hotspot\src\share\vm\prims\jni.cpp, line 709]
Event: 8.824 Thread 0x0000000018db7800 Exception <a 'sun/nio/fs/WindowsException'> (0x00000000e4006690) thrown at [D:\src\AOSP-openjdk-cygwin\jdk8u\hotspot\src\share\vm\prims\jni.cpp, line 709]
Event: 8.824 Thread 0x0000000018db7800 Exception <a 'sun/nio/fs/WindowsException'> (0x00000000e4007200) thrown at [D:\src\AOSP-openjdk-cygwin\jdk8u\hotspot\src\share\vm\prims\jni.cpp, line 709]
Event: 8.824 Thread 0x0000000018db7800 Exception <a 'sun/nio/fs/WindowsException'> (0x00000000e4008da0) thrown at [D:\src\AOSP-openjdk-cygwin\jdk8u\hotspot\src\share\vm\prims\jni.cpp, line 709]
Event: 8.824 Thread 0x0000000018db7800 Exception <a 'sun/nio/fs/WindowsException'> (0x00000000e4009950) thrown at [D:\src\AOSP-openjdk-cygwin\jdk8u\hotspot\src\share\vm\prims\jni.cpp, line 709]
Event: 8.827 Thread 0x0000000018db7800 Exception <a 'sun/nio/fs/WindowsException'> (0x00000000e400d988) thrown at [D:\src\AOSP-openjdk-cygwin\jdk8u\hotspot\src\share\vm\prims\jni.cpp, line 709]
Event: 8.827 Thread 0x0000000018db7800 Exception <a 'sun/nio/fs/WindowsException'> (0x00000000e400e4c0) thrown at [D:\src\AOSP-openjdk-cygwin\jdk8u\hotspot\src\share\vm\prims\jni.cpp, line 709]
Event: 8.827 Thread 0x0000000018db7800 Exception <a 'sun/nio/fs/WindowsException'> (0x00000000e4010038) thrown at [D:\src\AOSP-openjdk-cygwin\jdk8u\hotspot\src\share\vm\prims\jni.cpp, line 709]
Event: 8.827 Thread 0x0000000018db7800 Exception <a 'sun/nio/fs/WindowsException'> (0x00000000e4010ba8) thrown at [D:\src\AOSP-openjdk-cygwin\jdk8u\hotspot\src\share\vm\prims\jni.cpp, line 709]

Events (10 events):
Event: 8.774 loading class java/util/stream/Node$OfDouble done
Event: 8.774 loading class java/util/stream/Nodes$EmptyNode$OfDouble done
Event: 8.774 loading class java/util/stream/Nodes$SpinedNodeBuilder
Event: 8.775 loading class java/util/stream/Node$Builder
Event: 8.775 loading class java/util/stream/Node$Builder done
Event: 8.775 loading class java/util/stream/SpinedBuffer
Event: 8.775 loading class java/util/stream/AbstractSpinedBuffer
Event: 8.775 loading class java/util/stream/AbstractSpinedBuffer done
Event: 8.775 loading class java/util/stream/SpinedBuffer done
Event: 8.775 loading class java/util/stream/Nodes$SpinedNodeBuilder done


Dynamic libraries:
0x00007ff773cc0000 - 0x00007ff773cf1000 	C:\Program Files\Android\Android Studio1\jre\bin\java.exe
0x00007ffbeed10000 - 0x00007ffbeeed1000 	C:\Windows\SYSTEM32\ntdll.dll
0x00007ffbecee0000 - 0x00007ffbecf8d000 	C:\Windows\system32\KERNEL32.DLL
0x00007ffbeb510000 - 0x00007ffbeb6f8000 	C:\Windows\system32\KERNELBASE.dll
0x00007ffbecc80000 - 0x00007ffbecd27000 	C:\Windows\system32\ADVAPI32.dll
0x00007ffbecbe0000 - 0x00007ffbecc7d000 	C:\Windows\system32\msvcrt.dll
0x00007ffbed1f0000 - 0x00007ffbed24b000 	C:\Windows\system32\sechost.dll
0x00007ffbec500000 - 0x00007ffbec61c000 	C:\Windows\system32\RPCRT4.dll
0x00007ffbec110000 - 0x00007ffbec266000 	C:\Windows\system32\USER32.dll
0x00007ffbeca50000 - 0x00007ffbecbd6000 	C:\Windows\system32\GDI32.dll
0x00007ffbc7430000 - 0x00007ffbc76a4000 	C:\Windows\WinSxS\amd64_microsoft.windows.common-controls_6595b64144ccf1df_6.0.10586.0_none_8c15ae12515e1c22\COMCTL32.dll
0x00007ffbee880000 - 0x00007ffbeeafd000 	C:\Windows\system32\combase.dll
0x00007ffbeb9a0000 - 0x00007ffbeba0a000 	C:\Windows\system32\bcryptPrimitives.dll
0x00007ffbeebb0000 - 0x00007ffbeebeb000 	C:\Windows\system32\IMM32.DLL
0x000000006b0f0000 - 0x000000006b1c2000 	C:\Program Files\Android\Android Studio1\jre\jre\bin\msvcr100.dll
0x000000006b1d0000 - 0x000000006ba11000 	C:\Program Files\Android\Android Studio1\jre\jre\bin\server\jvm.dll
0x00007ffbed170000 - 0x00007ffbed178000 	C:\Windows\system32\PSAPI.DLL
0x00007ffbdef40000 - 0x00007ffbdef4a000 	C:\Windows\SYSTEM32\VERSION.dll
0x00007ffbe7380000 - 0x00007ffbe7389000 	C:\Windows\SYSTEM32\WSOCK32.dll
0x00007ffbe9a80000 - 0x00007ffbe9aa3000 	C:\Windows\SYSTEM32\WINMM.dll
0x00007ffbe9a20000 - 0x00007ffbe9a4c000 	C:\Windows\SYSTEM32\WINMMBASE.dll
0x00007ffbeb700000 - 0x00007ffbeb743000 	C:\Windows\system32\cfgmgr32.dll
0x00007ffbecfa0000 - 0x00007ffbed00b000 	C:\Windows\system32\WS2_32.dll
0x00007ffbdc120000 - 0x00007ffbdc12f000 	C:\Program Files\Android\Android Studio1\jre\jre\bin\verify.dll
0x00007ffbdbf60000 - 0x00007ffbdbf89000 	C:\Program Files\Android\Android Studio1\jre\jre\bin\java.dll
0x00007ffbdb750000 - 0x00007ffbdb766000 	C:\Program Files\Android\Android Studio1\jre\jre\bin\zip.dll
0x00007ffbed320000 - 0x00007ffbee87c000 	C:\Windows\system32\SHELL32.dll
0x00007ffbebac0000 - 0x00007ffbec105000 	C:\Windows\system32\windows.storage.dll
0x00007ffbec3c0000 - 0x00007ffbec412000 	C:\Windows\system32\shlwapi.dll
0x00007ffbeb330000 - 0x00007ffbeb33f000 	C:\Windows\system32\kernel.appcore.dll
0x00007ffbeb3c0000 - 0x00007ffbeb475000 	C:\Windows\system32\shcore.dll
0x00007ffbeb370000 - 0x00007ffbeb3bb000 	C:\Windows\system32\powrprof.dll
0x00007ffbeb350000 - 0x00007ffbeb364000 	C:\Windows\system32\profapi.dll
0x00007ffbdb730000 - 0x00007ffbdb74a000 	C:\Program Files\Android\Android Studio1\jre\jre\bin\net.dll
0x00007ffbeabe0000 - 0x00007ffbeac3c000 	C:\Windows\system32\mswsock.dll
0x00007ffbdaa70000 - 0x00007ffbdaa81000 	C:\Program Files\Android\Android Studio1\jre\jre\bin\nio.dll
0x00007ffbe94c0000 - 0x00007ffbe94de000 	C:\Users\16265\.gradle\native\25\windows-amd64\native-platform.dll
0x00007ffbdb720000 - 0x00007ffbdb72d000 	C:\Program Files\Android\Android Studio1\jre\jre\bin\management.dll
0x00007ffbeac90000 - 0x00007ffbeaca7000 	C:\Windows\SYSTEM32\CRYPTSP.dll
0x00007ffbea920000 - 0x00007ffbea954000 	C:\Windows\system32\rsaenh.dll
0x00007ffbeb260000 - 0x00007ffbeb289000 	C:\Windows\SYSTEM32\bcrypt.dll
0x00007ffbeaa70000 - 0x00007ffbeaa8f000 	C:\Windows\SYSTEM32\USERENV.dll
0x00007ffbeadb0000 - 0x00007ffbeadbb000 	C:\Windows\SYSTEM32\CRYPTBASE.dll
0x00007ffbe7b00000 - 0x00007ffbe7b38000 	C:\Windows\SYSTEM32\IPHLPAPI.DLL
0x00007ffbecf90000 - 0x00007ffbecf98000 	C:\Windows\system32\NSI.dll
0x00007ffbe3970000 - 0x00007ffbe3986000 	C:\Windows\SYSTEM32\dhcpcsvc6.DLL
0x00007ffbe3930000 - 0x00007ffbe394a000 	C:\Windows\SYSTEM32\dhcpcsvc.DLL

VM Arguments:
jvm_args: -Xmx1536m -Dfile.encoding=GBK -Duser.country=CN -Duser.language=zh -Duser.variant 
java_command: org.gradle.launcher.daemon.bootstrap.GradleDaemon 4.6
java_class_path (initial): C:\Users\16265\.gradle\wrapper\dists\gradle-4.6-all\bcst21l2brirad8k2ben1letg\gradle-4.6\lib\gradle-launcher-4.6.jar
Launcher Type: SUN_STANDARD

Environment Variables:
JAVA_HOME=C:\Program Files\Java\jdk-10.0.1
CLASSPATH=.;C:\Program Files\Java\jdk-10.0.1\lib\dt.jar;C:\Program Files\Java\jdk-10.0.1\lib\tools.jar;D:\sqljdbc4\sqljdbc42.jar;
PATH=C:\Program Files (x86)\Common Files\Oracle\Java\javapath;C:\Windows\system32;C:\Windows;C:\Windows\System32\Wbem;C:\Windows\System32\WindowsPowerShell\v1.0\;C:\Program Files (x86)\ATI Technologies\ATI.ACE\Core-Static;C:\Program Files\Microsoft SQL Server\120\Tools\Binn\;C:\Program Files\Microsoft SQL Server\130\Tools\Binn\;C:\Program Files (x86)\nodejs\;C:\Program Files (x86)\Microsoft SQL Server\140\Tools\Binn\;C:\Program Files\Microsoft SQL Server\140\Tools\Binn\;C:\Program Files (x86)\Microsoft SQL Server\140\DTS\Binn\;C:\Program Files\Microsoft SQL Server\140\DTS\Binn\;C:\Program Files\Microsoft SQL Server\Client SDK\ODBC\130\Tools\Binn\;C:\Program Files\Java\jdk-10.0.1\jre\bin;C:\Program Files\Java\jdk-10.0.1\bin;C:\Program Files\mysql-8.0.11-winx64\bin;C:\Program Files\dotnet\;C:\Program Files (x86)\Microsoft SQL Server\Client SDK\ODBC\130\Tools\Binn\;C:\Program Files (x86)\Microsoft SQL Server\140\Tools\Binn\ManagementStudio\;C:\Program Files\NVIDIA GPU Computing Toolkit\CUDA\v7.0\bin;C:\Program Files\NVIDIA GPU Computing Toolkit\CUDA\v7.0\lib\x64;C:\Program Files\NVIDIA GPU Computing Toolkit\CUDA\v7.0\include;C:\Program Files\Git\cmd;G:\ppathon;G:\ppathon\Library\mingw-w64\bin;G:\ppathon\Library\usr\bin;G:\ppathon\Library\bin;G:\ppathon\Scripts;C:\Program Files (x86)\IDM Computer Solutions\UltraEdit\
USERNAME=16265
OS=Windows_NT
PROCESSOR_IDENTIFIER=Intel64 Family 6 Model 78 Stepping 3, GenuineIntel



---------------  S Y S T E M  ---------------

OS: Windows 10.0 , 64 bit Build 10586 (10.0.10586.0)

CPU:total 4 (initial active 4) (2 cores per cpu, 2 threads per core) family 6 model 78 stepping 3, cmov, cx8, fxsr, mmx, sse, sse2, sse3, ssse3, sse4.1, sse4.2, popcnt, avx, avx2, aes, clmul, erms, 3dnowpref, lzcnt, ht, tsc, tscinvbit, bmi1, bmi2, adx

Memory: 4k page, physical 8249476k(788336k free), swap 8249476k(4484k free)

vm_info: OpenJDK 64-Bit Server VM (25.152-b06) for windows-amd64 JRE (1.8.0_152-release-1136-b06), built by "builder" with MS VC++ 10.0 (VS2010)

time: Sun Mar 03 21:54:33 2019
elapsed time: 8 seconds (0d 0h 0m 8s)

